<?xml version="1.0" encoding="UTF-8"?>
<testng-results total="2" passed="2" failed="0" skipped="0">
  <reporter-output>
  </reporter-output>
  <suite started-at="2022-11-24T11:47:11Z" name="Suite" finished-at="2022-11-24T11:47:41Z" duration-ms="29987">
    <groups>
      <group name="pro">
        <method signature="ProSignup.proSignupPage()[pri:0, instance:Authendication.ProSignup@73e9cf30]" name="proSignupPage" class="Authendication.ProSignup"/>
        <method signature="Signup.proSignup()[pri:0, instance:Authendication.Signup@2e6a8155]" name="proSignup" class="Authendication.Signup"/>
      </group> <!-- pro -->
    </groups>
    <test started-at="2022-11-24T11:47:11Z" name="Test" finished-at="2022-11-24T11:47:41Z" duration-ms="29987">
      <class name="Authendication.Signup">
        <test-method signature="proSignup()[pri:0, instance:Authendication.Signup@2e6a8155]" started-at="2022-11-24T17:17:12Z" name="proSignup" description="signup on Pro" finished-at="2022-11-24T17:17:15Z" duration-ms="3446" status="PASS">
          <reporter-output>
          </reporter-output>
        </test-method> <!-- proSignup -->
      </class> <!-- Authendication.Signup -->
      <class name="Authendication.ProSignup">
        <test-method is-config="true" signature="openBrowser()[pri:0, instance:Authendication.ProSignup@73e9cf30]" started-at="2022-11-24T17:17:09Z" name="openBrowser" finished-at="2022-11-24T17:17:11Z" duration-ms="1469" status="PASS">
          <reporter-output>
          </reporter-output>
        </test-method> <!-- openBrowser -->
        <test-method is-config="true" signature="openUrl()[pri:0, instance:Authendication.ProSignup@73e9cf30]" started-at="2022-11-24T17:17:11Z" name="openUrl" finished-at="2022-11-24T17:17:12Z" duration-ms="1154" status="PASS">
          <reporter-output>
          </reporter-output>
        </test-method> <!-- openUrl -->
        <test-method signature="proSignupPage()[pri:0, instance:Authendication.ProSignup@73e9cf30]" started-at="2022-11-24T17:17:15Z" name="proSignupPage" description=" signp on pro account" finished-at="2022-11-24T17:17:41Z" duration-ms="25364" status="PASS">
          <reporter-output>
          </reporter-output>
        </test-method> <!-- proSignupPage -->
      </class> <!-- Authendication.ProSignup -->
    </test> <!-- Test -->
  </suite> <!-- Suite -->
</testng-results>
